  25.3.1.cpp
D:\college data\daily program\爱心\爱心\25.3.1.cpp(150,9): warning C4005: “max”: 宏重定义
      C:\Program Files (x86)\Windows Kits\10\Include\10.0.22621.0\shared\minwindef.h(193,9):
      参见“max”的前一个定义
  
D:\college data\daily program\爱心\爱心\25.3.1.cpp(190,5): error C2664: “bool InputBox(LPTSTR,int,LPCTSTR,LPCTSTR,LPCTSTR,int,int,bool)”: 无法将参数 1 从“char [5]”转换为“LPTSTR”
      D:\college data\daily program\爱心\爱心\25.3.1.cpp(190,14):
      指向的类型不相关; 转换需要 reinterpret_cast、C 样式强制转换或带圆括号的函数样式强制转换
      C:\Program Files\Microsoft Visual Studio\2022\Community\VC\Auxiliary\VS\include\easyx.h(287,6):
      参见“InputBox”的声明
      D:\college data\daily program\爱心\爱心\25.3.1.cpp(190,5):
      尝试匹配参数列表“(char [5], int, const char [11])”时
  
D:\college data\daily program\爱心\爱心\25.3.1.cpp(200,17): error C2664: “bool InputBox(LPTSTR,int,LPCTSTR,LPCTSTR,LPCTSTR,int,int,bool)”: 无法将参数 1 从“char [7]”转换为“LPTSTR”
      D:\college data\daily program\爱心\爱心\25.3.1.cpp(200,26):
      指向的类型不相关; 转换需要 reinterpret_cast、C 样式强制转换或带圆括号的函数样式强制转换
      C:\Program Files\Microsoft Visual Studio\2022\Community\VC\Auxiliary\VS\include\easyx.h(287,6):
      参见“InputBox”的声明
      D:\college data\daily program\爱心\爱心\25.3.1.cpp(200,17):
      尝试匹配参数列表“(char [7], int, const char [11])”时
  
D:\college data\daily program\爱心\爱心\25.3.1.cpp(209,37): error C2065: “Lmsg”: 未声明的标识符
D:\college data\daily program\爱心\爱心\25.3.1.cpp(235,5): error C2664: “bool InputBox(LPTSTR,int,LPCTSTR,LPCTSTR,LPCTSTR,int,int,bool)”: 无法将参数 1 从“char [20]”转换为“LPTSTR”
      D:\college data\daily program\爱心\爱心\25.3.1.cpp(235,14):
      指向的类型不相关; 转换需要 reinterpret_cast、C 样式强制转换或带圆括号的函数样式强制转换
      C:\Program Files\Microsoft Visual Studio\2022\Community\VC\Auxiliary\VS\include\easyx.h(287,6):
      参见“InputBox”的声明
      D:\college data\daily program\爱心\爱心\25.3.1.cpp(235,5):
      尝试匹配参数列表“(char [20], int, const char [15])”时
  
D:\college data\daily program\爱心\爱心\25.3.1.cpp(245,5): error C2664: “bool InputBox(LPTSTR,int,LPCTSTR,LPCTSTR,LPCTSTR,int,int,bool)”: 无法将参数 1 从“char [20]”转换为“LPTSTR”
      D:\college data\daily program\爱心\爱心\25.3.1.cpp(245,14):
      指向的类型不相关; 转换需要 reinterpret_cast、C 样式强制转换或带圆括号的函数样式强制转换
      C:\Program Files\Microsoft Visual Studio\2022\Community\VC\Auxiliary\VS\include\easyx.h(287,6):
      参见“InputBox”的声明
      D:\college data\daily program\爱心\爱心\25.3.1.cpp(245,5):
      尝试匹配参数列表“(char [20], int, const char [15])”时
  
D:\college data\daily program\爱心\爱心\25.3.1.cpp(261,5): error C2664: “bool InputBox(LPTSTR,int,LPCTSTR,LPCTSTR,LPCTSTR,int,int,bool)”: 无法将参数 1 从“char [5]”转换为“LPTSTR”
      D:\college data\daily program\爱心\爱心\25.3.1.cpp(261,14):
      指向的类型不相关; 转换需要 reinterpret_cast、C 样式强制转换或带圆括号的函数样式强制转换
      C:\Program Files\Microsoft Visual Studio\2022\Community\VC\Auxiliary\VS\include\easyx.h(287,6):
      参见“InputBox”的声明
      D:\college data\daily program\爱心\爱心\25.3.1.cpp(261,5):
      尝试匹配参数列表“(char [5], int, const char [19])”时
  
D:\college data\daily program\爱心\爱心\25.3.1.cpp(263,5): error C2664: “bool InputBox(LPTSTR,int,LPCTSTR,LPCTSTR,LPCTSTR,int,int,bool)”: 无法将参数 1 从“char [20]”转换为“LPTSTR”
      D:\college data\daily program\爱心\爱心\25.3.1.cpp(263,14):
      指向的类型不相关; 转换需要 reinterpret_cast、C 样式强制转换或带圆括号的函数样式强制转换
      C:\Program Files\Microsoft Visual Studio\2022\Community\VC\Auxiliary\VS\include\easyx.h(287,6):
      参见“InputBox”的声明
      D:\college data\daily program\爱心\爱心\25.3.1.cpp(263,5):
      尝试匹配参数列表“(char [20], int, const char [17])”时
  
D:\college data\daily program\爱心\爱心\25.3.1.cpp(290,25): error C2065: “LbalanceStr”: 未声明的标识符
D:\college data\daily program\爱心\爱心\25.3.1.cpp(331,9): error C2664: “bool InputBox(LPTSTR,int,LPCTSTR,LPCTSTR,LPCTSTR,int,int,bool)”: 无法将参数 1 从“char [2]”转换为“LPTSTR”
      D:\college data\daily program\爱心\爱心\25.3.1.cpp(331,18):
      指向的类型不相关; 转换需要 reinterpret_cast、C 样式强制转换或带圆括号的函数样式强制转换
      C:\Program Files\Microsoft Visual Studio\2022\Community\VC\Auxiliary\VS\include\easyx.h(287,6):
      参见“InputBox”的声明
      D:\college data\daily program\爱心\爱心\25.3.1.cpp(331,9):
      尝试匹配参数列表“(char [2], int, const char [11])”时
  
